<?xml version="1.0" encoding="UTF-8"?>
<!-- Generated by org.testng.reporters.JUnitXMLReporter -->
<testsuite ignored="0" hostname="DESKTOP-3824BQ8" failures="0" tests="6" name="Test" time="85.557" errors="0" timestamp="2023-02-07T16:07:53 IST">
  <testcase classname="backoffice.Dashboard_TestExecution" name="VerifytheFooterUIintheDashboard" time="0.967"/>
  <testcase classname="backoffice.Dashboard_TestExecution" name="VerifytheStatsofOugoings" time="0.106"/>
  <testcase classname="backoffice.Dashboard_TestExecution" name="VerifytheStatsofToDos" time="0.125"/>
  <testcase classname="backoffice.Dashboard_TestExecution" name="VerifytheStatsofVouchersandGiftcards" time="0.595"/>
  <testcase classname="backoffice.Dashboard_TestExecution" name="VerifytheStatsofWarranties" time="0.625"/>
  <testcase classname="backoffice.Dashboard_TestExecution" name="VerifytheUIintheDashboard" time="0.206"/>
</testsuite> <!-- Test -->
