<?xml version="1.0" encoding="UTF-8"?>
<!-- Generated by org.testng.reporters.JUnitXMLReporter -->
<testsuite ignored="0" hostname="DESKTOP-3824BQ8" failures="0" tests="22" name="Default test" time="0.193" errors="0" timestamp="2023-03-09T12:52:12 IST">
  <testcase classname="JavaPractice.testing.StringMethods" name="method2" time="0.009"/>
  <testcase classname="JavaPractice.testing.StringMethods" name="test1" time="0.001"/>
  <testcase classname="JavaPractice.testing.StringMethods" name="test10" time="0.002"/>
  <testcase classname="JavaPractice.testing.StringMethods" name="test11" time="0.003"/>
  <testcase classname="JavaPractice.testing.StringMethods" name="test12" time="0.002"/>
  <testcase classname="JavaPractice.testing.StringMethods" name="test13" time="0.005"/>
  <testcase classname="JavaPractice.testing.StringMethods" name="test14" time="0.002"/>
  <testcase classname="JavaPractice.testing.StringMethods" name="test15" time="0.003"/>
  <testcase classname="JavaPractice.testing.StringMethods" name="test16" time="0.007"/>
  <testcase classname="JavaPractice.testing.StringMethods" name="test17" time="0.002"/>
  <testcase classname="JavaPractice.testing.StringMethods" name="test18" time="0.027"/>
  <testcase classname="JavaPractice.testing.StringMethods" name="test19" time="0.002"/>
  <testcase classname="JavaPractice.testing.StringMethods" name="test20" time="0.001"/>
  <testcase classname="JavaPractice.testing.StringMethods" name="test21" time="0.002"/>
  <testcase classname="JavaPractice.testing.StringMethods" name="test22" time="0.001"/>
  <testcase classname="JavaPractice.testing.StringMethods" name="test3" time="0.01"/>
  <testcase classname="JavaPractice.testing.StringMethods" name="test4" time="0.002"/>
  <testcase classname="JavaPractice.testing.StringMethods" name="test5" time="0.001"/>
  <testcase classname="JavaPractice.testing.StringMethods" name="test6" time="0.002"/>
  <testcase classname="JavaPractice.testing.StringMethods" name="test7" time="0.001"/>
  <testcase classname="JavaPractice.testing.StringMethods" name="test8" time="0.001"/>
  <testcase classname="JavaPractice.testing.StringMethods" name="test9" time="0.002"/>
</testsuite> <!-- Default test -->
