<?xml version="1.0" encoding="UTF-8"?>
<testng-results ignored="0" total="1" passed="1" failed="0" skipped="0">
  <reporter-output>
  </reporter-output>
  <suite started-at="2023-01-12T16:15:54 IST" name="Suite" finished-at="2023-01-12T16:16:03 IST" duration-ms="9186">
    <groups>
    </groups>
    <test started-at="2023-01-12T16:15:54 IST" name="Test" finished-at="2023-01-12T16:16:03 IST" duration-ms="9186">
      <class name="com.jenkins.DEMOJenking.CreateSchool">
        <test-method signature="login()[pri:1, instance:com.jenkins.DEMOJenking.CreateSchool@1ea9f6af]" started-at="2023-01-12T16:15:54 IST" name="login" finished-at="2023-01-12T16:16:03 IST" duration-ms="9126" status="PASS">
          <reporter-output>
          </reporter-output>
        </test-method> <!-- login -->
      </class> <!-- com.jenkins.DEMOJenking.CreateSchool -->
    </test> <!-- Test -->
  </suite> <!-- Suite -->
</testng-results>
