<?xml version="1.0" encoding="UTF-8"?>
<testng-results ignored="0" total="10" passed="10" failed="0" skipped="0">
  <reporter-output>
  </reporter-output>
  <suite started-at="2023-01-13T12:18:51 IST" name="Suite" finished-at="2023-01-13T12:22:39 IST" duration-ms="228442">
    <groups>
      <group name="cucumber">
        <method signature="AbstractTestNGCucumberTests.runScenario(io.cucumber.testng.PickleWrapper,io.cucumber.testng.FeatureWrapper)[pri:0, instance:testRun.ELSignUpRunwithTestNG@1bb5a082]" name="runScenario" class="io.cucumber.testng.AbstractTestNGCucumberTests"/>
      </group> <!-- cucumber -->
    </groups>
    <test started-at="2023-01-13T12:18:51 IST" name="Test" finished-at="2023-01-13T12:22:39 IST" duration-ms="228442">
      <class name="testRun.ELSignUpRunwithTestNG">
        <test-method is-config="true" signature="setUpClass(org.testng.ITestContext)[pri:0, instance:testRun.ELSignUpRunwithTestNG@1bb5a082]" started-at="2023-01-13T12:18:51 IST" name="setUpClass" finished-at="2023-01-13T12:18:52 IST" duration-ms="825" status="PASS">
          <params>
            <param index="0">
              <value>
                <![CDATA[org.testng.TestRunner@794cb26b]]>
              </value>
            </param>
          </params>
          <reporter-output>
          </reporter-output>
        </test-method> <!-- setUpClass -->
        <test-method signature="runScenario(io.cucumber.testng.PickleWrapper,io.cucumber.testng.FeatureWrapper)[pri:0, instance:testRun.ELSignUpRunwithTestNG@1bb5a082]" started-at="2023-01-13T12:18:52 IST" name="runScenario" description="Runs Cucumber Scenarios" data-provider="scenarios" finished-at="2023-01-13T12:19:12 IST" duration-ms="19989" status="PASS">
          <params>
            <param index="0">
              <value>
                <![CDATA["Successful Navigation to signup page"]]>
              </value>
            </param>
            <param index="1">
              <value>
                <![CDATA["EL SignUp functionality"]]>
              </value>
            </param>
          </params>
          <reporter-output>
          </reporter-output>
        </test-method> <!-- runScenario -->
        <test-method signature="runScenario(io.cucumber.testng.PickleWrapper,io.cucumber.testng.FeatureWrapper)[pri:0, instance:testRun.ELSignUpRunwithTestNG@1bb5a082]" started-at="2023-01-13T12:19:12 IST" name="runScenario" description="Runs Cucumber Scenarios" data-provider="scenarios" finished-at="2023-01-13T12:19:36 IST" duration-ms="23816" status="PASS">
          <params>
            <param index="0">
              <value>
                <![CDATA["Successful account creation with valid credentials"]]>
              </value>
            </param>
            <param index="1">
              <value>
                <![CDATA["EL SignUp functionality"]]>
              </value>
            </param>
          </params>
          <reporter-output>
          </reporter-output>
        </test-method> <!-- runScenario -->
        <test-method signature="runScenario(io.cucumber.testng.PickleWrapper,io.cucumber.testng.FeatureWrapper)[pri:0, instance:testRun.ELSignUpRunwithTestNG@1bb5a082]" started-at="2023-01-13T12:19:36 IST" name="runScenario" description="Runs Cucumber Scenarios" data-provider="scenarios" finished-at="2023-01-13T12:19:59 IST" duration-ms="23060" status="PASS">
          <params>
            <param index="0">
              <value>
                <![CDATA["Account creation with existing emial id"]]>
              </value>
            </param>
            <param index="1">
              <value>
                <![CDATA["EL SignUp functionality"]]>
              </value>
            </param>
          </params>
          <reporter-output>
          </reporter-output>
        </test-method> <!-- runScenario -->
        <test-method signature="runScenario(io.cucumber.testng.PickleWrapper,io.cucumber.testng.FeatureWrapper)[pri:0, instance:testRun.ELSignUpRunwithTestNG@1bb5a082]" started-at="2023-01-13T12:19:59 IST" name="runScenario" description="Runs Cucumber Scenarios" data-provider="scenarios" finished-at="2023-01-13T12:20:21 IST" duration-ms="22769" status="PASS">
          <params>
            <param index="0">
              <value>
                <![CDATA["Account creation with password lessthan 8digits"]]>
              </value>
            </param>
            <param index="1">
              <value>
                <![CDATA["EL SignUp functionality"]]>
              </value>
            </param>
          </params>
          <reporter-output>
          </reporter-output>
        </test-method> <!-- runScenario -->
        <test-method signature="runScenario(io.cucumber.testng.PickleWrapper,io.cucumber.testng.FeatureWrapper)[pri:0, instance:testRun.ELSignUpRunwithTestNG@1bb5a082]" started-at="2023-01-13T12:20:21 IST" name="runScenario" description="Runs Cucumber Scenarios" data-provider="scenarios" finished-at="2023-01-13T12:20:46 IST" duration-ms="24790" status="PASS">
          <params>
            <param index="0">
              <value>
                <![CDATA["Account creation with different password and confirm password"]]>
              </value>
            </param>
            <param index="1">
              <value>
                <![CDATA["EL SignUp functionality"]]>
              </value>
            </param>
          </params>
          <reporter-output>
          </reporter-output>
        </test-method> <!-- runScenario -->
        <test-method signature="runScenario(io.cucumber.testng.PickleWrapper,io.cucumber.testng.FeatureWrapper)[pri:0, instance:testRun.ELSignUpRunwithTestNG@1bb5a082]" started-at="2023-01-13T12:20:46 IST" name="runScenario" description="Runs Cucumber Scenarios" data-provider="scenarios" finished-at="2023-01-13T12:21:12 IST" duration-ms="25552" status="PASS">
          <params>
            <param index="0">
              <value>
                <![CDATA["Account creation with invalid email format"]]>
              </value>
            </param>
            <param index="1">
              <value>
                <![CDATA["EL SignUp functionality"]]>
              </value>
            </param>
          </params>
          <reporter-output>
          </reporter-output>
        </test-method> <!-- runScenario -->
        <test-method signature="runScenario(io.cucumber.testng.PickleWrapper,io.cucumber.testng.FeatureWrapper)[pri:0, instance:testRun.ELSignUpRunwithTestNG@1bb5a082]" started-at="2023-01-13T12:21:12 IST" name="runScenario" description="Runs Cucumber Scenarios" data-provider="scenarios" finished-at="2023-01-13T12:21:32 IST" duration-ms="20602" status="PASS">
          <params>
            <param index="0">
              <value>
                <![CDATA["Account creation without giving the credentials"]]>
              </value>
            </param>
            <param index="1">
              <value>
                <![CDATA["EL SignUp functionality"]]>
              </value>
            </param>
          </params>
          <reporter-output>
          </reporter-output>
        </test-method> <!-- runScenario -->
        <test-method signature="runScenario(io.cucumber.testng.PickleWrapper,io.cucumber.testng.FeatureWrapper)[pri:0, instance:testRun.ELSignUpRunwithTestNG@1bb5a082]" started-at="2023-01-13T12:21:32 IST" name="runScenario" description="Runs Cucumber Scenarios" data-provider="scenarios" finished-at="2023-01-13T12:21:56 IST" duration-ms="23506" status="PASS">
          <params>
            <param index="0">
              <value>
                <![CDATA["Account creation without Email"]]>
              </value>
            </param>
            <param index="1">
              <value>
                <![CDATA["EL SignUp functionality"]]>
              </value>
            </param>
          </params>
          <reporter-output>
          </reporter-output>
        </test-method> <!-- runScenario -->
        <test-method signature="runScenario(io.cucumber.testng.PickleWrapper,io.cucumber.testng.FeatureWrapper)[pri:0, instance:testRun.ELSignUpRunwithTestNG@1bb5a082]" started-at="2023-01-13T12:21:56 IST" name="runScenario" description="Runs Cucumber Scenarios" data-provider="scenarios" finished-at="2023-01-13T12:22:18 IST" duration-ms="22202" status="PASS">
          <params>
            <param index="0">
              <value>
                <![CDATA["Account creation without Password"]]>
              </value>
            </param>
            <param index="1">
              <value>
                <![CDATA["EL SignUp functionality"]]>
              </value>
            </param>
          </params>
          <reporter-output>
          </reporter-output>
        </test-method> <!-- runScenario -->
        <test-method signature="runScenario(io.cucumber.testng.PickleWrapper,io.cucumber.testng.FeatureWrapper)[pri:0, instance:testRun.ELSignUpRunwithTestNG@1bb5a082]" started-at="2023-01-13T12:22:18 IST" name="runScenario" description="Runs Cucumber Scenarios" data-provider="scenarios" finished-at="2023-01-13T12:22:39 IST" duration-ms="21157" status="PASS">
          <params>
            <param index="0">
              <value>
                <![CDATA["Functionality of Already have an account? Login here link in SignUp page"]]>
              </value>
            </param>
            <param index="1">
              <value>
                <![CDATA["EL SignUp functionality"]]>
              </value>
            </param>
          </params>
          <reporter-output>
          </reporter-output>
        </test-method> <!-- runScenario -->
        <test-method is-config="true" signature="tearDownClass()[pri:0, instance:testRun.ELSignUpRunwithTestNG@1bb5a082]" started-at="2023-01-13T12:22:39 IST" name="tearDownClass" finished-at="2023-01-13T12:22:39 IST" duration-ms="99" status="PASS">
          <reporter-output>
          </reporter-output>
        </test-method> <!-- tearDownClass -->
      </class> <!-- testRun.ELSignUpRunwithTestNG -->
    </test> <!-- Test -->
  </suite> <!-- Suite -->
</testng-results>
