<?xml version="1.0" encoding="UTF-8"?>
<testng-results ignored="0" total="1" passed="1" failed="0" skipped="0">
  <reporter-output>
  </reporter-output>
  <suite started-at="2022-11-14T11:26:33 IST" name="Default suite" finished-at="2022-11-14T11:27:18 IST" duration-ms="44725">
    <groups>
    </groups>
    <test started-at="2022-11-14T11:26:33 IST" name="Default test" finished-at="2022-11-14T11:27:18 IST" duration-ms="44725">
      <class name="demotest.Browserlaunch">
        <test-method signature="setup()[pri:0, instance:demotest.Browserlaunch@f5ac9e4]" started-at="2022-11-14T11:26:33 IST" name="setup" finished-at="2022-11-14T11:27:18 IST" duration-ms="44660" status="PASS">
          <reporter-output>
          </reporter-output>
        </test-method> <!-- setup -->
      </class> <!-- demotest.Browserlaunch -->
    </test> <!-- Default test -->
  </suite> <!-- Default suite -->
</testng-results>
