<?xml version="1.0" encoding="UTF-8"?>
<testng-results ignored="0" total="2" passed="2" failed="0" skipped="0">
  <reporter-output>
  </reporter-output>
  <suite started-at="2023-02-22T16:26:05 IST" name="Suite" finished-at="2023-02-22T16:26:19 IST" duration-ms="14168">
    <groups>
    </groups>
    <test started-at="2023-02-22T16:26:05 IST" name="Test" finished-at="2023-02-22T16:26:19 IST" duration-ms="14168">
      <class name="pageObjectModel.Jquerycalender">
        <test-method signature="demotest()[pri:0, instance:pageObjectModel.Jquerycalender@17f7cd29]" started-at="2023-02-22T16:26:13 IST" name="demotest" finished-at="2023-02-22T16:26:19 IST" duration-ms="5832" status="PASS">
          <reporter-output>
          </reporter-output>
        </test-method> <!-- demotest -->
      </class> <!-- pageObjectModel.Jquerycalender -->
      <class name="trailtest.WaterTsting">
        <test-method signature="login()[pri:1, instance:trailtest.WaterTsting@37ceb1df]" started-at="2023-02-22T16:26:05 IST" name="login" finished-at="2023-02-22T16:26:13 IST" duration-ms="8280" status="PASS">
          <reporter-output>
          </reporter-output>
        </test-method> <!-- login -->
      </class> <!-- trailtest.WaterTsting -->
    </test> <!-- Test -->
  </suite> <!-- Suite -->
</testng-results>
