<?xml version="1.0" encoding="UTF-8"?>
<testng-results ignored="0" total="22" passed="22" failed="0" skipped="0">
  <reporter-output>
  </reporter-output>
  <suite started-at="2023-03-09T12:52:12 IST" name="Default suite" finished-at="2023-03-09T12:52:12 IST" duration-ms="193">
    <groups>
    </groups>
    <test started-at="2023-03-09T12:52:12 IST" name="Default test" finished-at="2023-03-09T12:52:12 IST" duration-ms="193">
      <class name="JavaPractice.testing.StringMethods">
        <test-method signature="method2()[pri:0, instance:JavaPractice.testing.StringMethods@6d2a209c]" started-at="2023-03-09T12:52:12 IST" name="method2" finished-at="2023-03-09T12:52:12 IST" duration-ms="9" status="PASS">
          <reporter-output>
          </reporter-output>
        </test-method> <!-- method2 -->
        <test-method signature="test1()[pri:0, instance:JavaPractice.testing.StringMethods@6d2a209c]" started-at="2023-03-09T12:52:12 IST" name="test1" finished-at="2023-03-09T12:52:12 IST" duration-ms="1" status="PASS">
          <reporter-output>
          </reporter-output>
        </test-method> <!-- test1 -->
        <test-method signature="test10()[pri:0, instance:JavaPractice.testing.StringMethods@6d2a209c]" started-at="2023-03-09T12:52:12 IST" name="test10" finished-at="2023-03-09T12:52:12 IST" duration-ms="2" status="PASS">
          <reporter-output>
          </reporter-output>
        </test-method> <!-- test10 -->
        <test-method signature="test11()[pri:0, instance:JavaPractice.testing.StringMethods@6d2a209c]" started-at="2023-03-09T12:52:12 IST" name="test11" finished-at="2023-03-09T12:52:12 IST" duration-ms="3" status="PASS">
          <reporter-output>
          </reporter-output>
        </test-method> <!-- test11 -->
        <test-method signature="test12()[pri:0, instance:JavaPractice.testing.StringMethods@6d2a209c]" started-at="2023-03-09T12:52:12 IST" name="test12" finished-at="2023-03-09T12:52:12 IST" duration-ms="2" status="PASS">
          <reporter-output>
          </reporter-output>
        </test-method> <!-- test12 -->
        <test-method signature="test13()[pri:0, instance:JavaPractice.testing.StringMethods@6d2a209c]" started-at="2023-03-09T12:52:12 IST" name="test13" finished-at="2023-03-09T12:52:12 IST" duration-ms="5" status="PASS">
          <reporter-output>
          </reporter-output>
        </test-method> <!-- test13 -->
        <test-method signature="test14()[pri:0, instance:JavaPractice.testing.StringMethods@6d2a209c]" started-at="2023-03-09T12:52:12 IST" name="test14" finished-at="2023-03-09T12:52:12 IST" duration-ms="2" status="PASS">
          <reporter-output>
          </reporter-output>
        </test-method> <!-- test14 -->
        <test-method signature="test15()[pri:0, instance:JavaPractice.testing.StringMethods@6d2a209c]" started-at="2023-03-09T12:52:12 IST" name="test15" finished-at="2023-03-09T12:52:12 IST" duration-ms="3" status="PASS">
          <reporter-output>
          </reporter-output>
        </test-method> <!-- test15 -->
        <test-method signature="test16()[pri:0, instance:JavaPractice.testing.StringMethods@6d2a209c]" started-at="2023-03-09T12:52:12 IST" name="test16" finished-at="2023-03-09T12:52:12 IST" duration-ms="7" status="PASS">
          <reporter-output>
          </reporter-output>
        </test-method> <!-- test16 -->
        <test-method signature="test17()[pri:0, instance:JavaPractice.testing.StringMethods@6d2a209c]" started-at="2023-03-09T12:52:12 IST" name="test17" finished-at="2023-03-09T12:52:12 IST" duration-ms="2" status="PASS">
          <reporter-output>
          </reporter-output>
        </test-method> <!-- test17 -->
        <test-method signature="test18()[pri:0, instance:JavaPractice.testing.StringMethods@6d2a209c]" started-at="2023-03-09T12:52:12 IST" name="test18" finished-at="2023-03-09T12:52:12 IST" duration-ms="27" status="PASS">
          <reporter-output>
          </reporter-output>
        </test-method> <!-- test18 -->
        <test-method signature="test19()[pri:0, instance:JavaPractice.testing.StringMethods@6d2a209c]" started-at="2023-03-09T12:52:12 IST" name="test19" finished-at="2023-03-09T12:52:12 IST" duration-ms="2" status="PASS">
          <reporter-output>
          </reporter-output>
        </test-method> <!-- test19 -->
        <test-method signature="test20()[pri:0, instance:JavaPractice.testing.StringMethods@6d2a209c]" started-at="2023-03-09T12:52:12 IST" name="test20" finished-at="2023-03-09T12:52:12 IST" duration-ms="1" status="PASS">
          <reporter-output>
          </reporter-output>
        </test-method> <!-- test20 -->
        <test-method signature="test21()[pri:0, instance:JavaPractice.testing.StringMethods@6d2a209c]" started-at="2023-03-09T12:52:12 IST" name="test21" finished-at="2023-03-09T12:52:12 IST" duration-ms="2" status="PASS">
          <reporter-output>
          </reporter-output>
        </test-method> <!-- test21 -->
        <test-method signature="test22()[pri:0, instance:JavaPractice.testing.StringMethods@6d2a209c]" started-at="2023-03-09T12:52:12 IST" name="test22" finished-at="2023-03-09T12:52:12 IST" duration-ms="1" status="PASS">
          <reporter-output>
          </reporter-output>
        </test-method> <!-- test22 -->
        <test-method signature="test3()[pri:0, instance:JavaPractice.testing.StringMethods@6d2a209c]" started-at="2023-03-09T12:52:12 IST" name="test3" finished-at="2023-03-09T12:52:12 IST" duration-ms="10" status="PASS">
          <reporter-output>
          </reporter-output>
        </test-method> <!-- test3 -->
        <test-method signature="test4()[pri:0, instance:JavaPractice.testing.StringMethods@6d2a209c]" started-at="2023-03-09T12:52:12 IST" name="test4" finished-at="2023-03-09T12:52:12 IST" duration-ms="2" status="PASS">
          <reporter-output>
          </reporter-output>
        </test-method> <!-- test4 -->
        <test-method signature="test5()[pri:0, instance:JavaPractice.testing.StringMethods@6d2a209c]" started-at="2023-03-09T12:52:12 IST" name="test5" finished-at="2023-03-09T12:52:12 IST" duration-ms="1" status="PASS">
          <reporter-output>
          </reporter-output>
        </test-method> <!-- test5 -->
        <test-method signature="test6()[pri:0, instance:JavaPractice.testing.StringMethods@6d2a209c]" started-at="2023-03-09T12:52:12 IST" name="test6" finished-at="2023-03-09T12:52:12 IST" duration-ms="2" status="PASS">
          <reporter-output>
          </reporter-output>
        </test-method> <!-- test6 -->
        <test-method signature="test7()[pri:0, instance:JavaPractice.testing.StringMethods@6d2a209c]" started-at="2023-03-09T12:52:12 IST" name="test7" finished-at="2023-03-09T12:52:12 IST" duration-ms="1" status="PASS">
          <reporter-output>
          </reporter-output>
        </test-method> <!-- test7 -->
        <test-method signature="test8()[pri:0, instance:JavaPractice.testing.StringMethods@6d2a209c]" started-at="2023-03-09T12:52:12 IST" name="test8" finished-at="2023-03-09T12:52:12 IST" duration-ms="1" status="PASS">
          <reporter-output>
          </reporter-output>
        </test-method> <!-- test8 -->
        <test-method signature="test9()[pri:0, instance:JavaPractice.testing.StringMethods@6d2a209c]" started-at="2023-03-09T12:52:12 IST" name="test9" finished-at="2023-03-09T12:52:12 IST" duration-ms="2" status="PASS">
          <reporter-output>
          </reporter-output>
        </test-method> <!-- test9 -->
      </class> <!-- JavaPractice.testing.StringMethods -->
    </test> <!-- Default test -->
  </suite> <!-- Default suite -->
</testng-results>
