<?xml version="1.0" encoding="UTF-8"?>
<testng-results ignored="0" total="1" passed="1" failed="0" skipped="0">
  <reporter-output>
  </reporter-output>
  <suite started-at="2022-07-18T15:02:58 IST" name="Default suite" finished-at="2022-07-18T15:02:58 IST" duration-ms="87">
    <groups>
    </groups>
    <test started-at="2022-07-18T15:02:58 IST" name="Default test" finished-at="2022-07-18T15:02:58 IST" duration-ms="87">
      <class name="com.appium.mavenproject.AppTest">
        <test-method signature="shouldAnswerWithTrue()[pri:0, instance:com.appium.mavenproject.AppTest@159f197]" started-at="2022-07-18T15:02:58 IST" name="shouldAnswerWithTrue" finished-at="2022-07-18T15:02:58 IST" duration-ms="15" status="PASS">
          <reporter-output>
          </reporter-output>
        </test-method> <!-- shouldAnswerWithTrue -->
      </class> <!-- com.appium.mavenproject.AppTest -->
    </test> <!-- Default test -->
  </suite> <!-- Default suite -->
</testng-results>
